<?xml version="1.0" encoding="UTF-8"?>
<!-- Generated by org.testng.reporters.JUnitXMLReporter -->
<testsuite hostname="Jasmine" ignored="0" name="ChromeTest" tests="3" failures="0" timestamp="2023-11-14T17:52:22 IST" time="47.764" errors="0">
  <testcase name="BrowserLaunch" time="11.567" classname="com.ParallelTest.RunParallel"/>
  <testcase name="Launch_Url" time="30.551" classname="com.ParallelTest.RunParallel"/>
  <testcase name="QuitBrowser" time="5.278" classname="com.ParallelTest.RunParallel"/>
</testsuite> <!-- ChromeTest -->
