<?xml version="1.0" encoding="UTF-8"?>
<!-- Generated by org.testng.reporters.JUnitXMLReporter -->
<testsuite hostname="Jasmine" ignored="2" tests="0" failures="0" timestamp="2023-11-15T15:41:41 IST" time="17.619" errors="0">
  <testcase name="Caunch_Url" time="0.0" classname="com.GroupingIgnoreDepOnmethods.Grouping">
    <ignored/>
  </testcase> <!-- Caunch_Url -->
  <testcase name="InputValues" time="0.0" classname="com.GroupingIgnoreDepOnmethods.Grouping">
    <ignored/>
  </testcase> <!-- InputValues -->
</testsuite>
