<?xml version="1.0" encoding="UTF-8"?>
<testng-results ignored="0" total="4" passed="3" failed="1" skipped="0">
  <reporter-output>
  </reporter-output>
  <suite started-at="2023-11-21T15:01:56 IST" name="Default suite" finished-at="2023-11-21T15:02:15 IST" duration-ms="18891">
    <groups>
    </groups>
    <test started-at="2023-11-21T15:01:56 IST" name="Default test" finished-at="2023-11-21T15:02:15 IST" duration-ms="18891">
      <class name="com.Runner.Runnerclass">
        <test-method signature="browserLaunch()[pri:1, instance:com.Runner.Runnerclass@16a0ee18]" started-at="2023-11-21T15:01:56 IST" name="browserLaunch" finished-at="2023-11-21T15:01:59 IST" duration-ms="3016" status="PASS">
          <reporter-output>
          </reporter-output>
        </test-method> <!-- browserLaunch -->
        <test-method signature="Url()[pri:2, instance:com.Runner.Runnerclass@16a0ee18]" started-at="2023-11-21T15:01:59 IST" name="Url" finished-at="2023-11-21T15:02:08 IST" duration-ms="9401" status="PASS">
          <reporter-output>
          </reporter-output>
        </test-method> <!-- Url -->
        <test-method signature="InputDataByDataDriven([Ljava.lang.String;)[pri:3, instance:com.Runner.Runnerclass@16a0ee18]" started-at="2023-11-21T15:02:12 IST" name="InputDataByDataDriven" data-provider="data" finished-at="2023-11-21T15:02:15 IST" duration-ms="2774" status="PASS">
          <params>
            <param index="0">
              <value>
                <![CDATA[[Ljava.lang.String;@432f521f]]>
              </value>
            </param>
          </params>
          <reporter-output>
          </reporter-output>
        </test-method> <!-- InputDataByDataDriven -->
        <test-method signature="InputDataByParameterThroughXML(java.lang.String)[pri:4, instance:com.Runner.Runnerclass@16a0ee18]" started-at="2023-11-21T15:02:15 IST" name="InputDataByParameterThroughXML" finished-at="2023-11-21T15:02:15 IST" duration-ms="0" status="FAIL">
          <exception class="org.testng.TestNGException">
            <message>
              <![CDATA[
Parameter 'td001' is required by @Test on method InputDataByParameterThroughXML but has not been marked @Optional or defined
in C:\Users\User\AppData\Local\Temp\testng-eclipse-1846414715\testng-customsuite.xml]]>
            </message>
            <full-stacktrace>
              <![CDATA[org.testng.TestNGException: 
Parameter 'td001' is required by @Test on method InputDataByParameterThroughXML but has not been marked @Optional or defined
in C:\Users\User\AppData\Local\Temp\testng-eclipse-1846414715\testng-customsuite.xml
at org.testng.internal.Parameters.createParams(Parameters.java:270)
at org.testng.internal.Parameters.createParametersForMethod(Parameters.java:358)
at org.testng.internal.Parameters.createParameters(Parameters.java:700)
at org.testng.internal.Parameters.handleParameters(Parameters.java:884)
at org.testng.internal.Parameters.handleParameters(Parameters.java:740)
at org.testng.internal.ParameterHandler.handleParameters(ParameterHandler.java:59)
at org.testng.internal.ParameterHandler.createParameters(ParameterHandler.java:38)
at org.testng.internal.TestInvoker$MethodInvocationAgent.invoke(TestInvoker.java:791)
at org.testng.internal.TestInvoker.invokeTestMethods(TestInvoker.java:146)
at org.testng.internal.TestMethodWorker.invokeTestMethods(TestMethodWorker.java:146)
at org.testng.internal.TestMethodWorker.run(TestMethodWorker.java:128)
at java.base/java.util.ArrayList.forEach(ArrayList.java:1511)
at org.testng.TestRunner.privateRun(TestRunner.java:794)
at org.testng.TestRunner.run(TestRunner.java:596)
at org.testng.SuiteRunner.runTest(SuiteRunner.java:377)
at org.testng.SuiteRunner.runSequentially(SuiteRunner.java:371)
at org.testng.SuiteRunner.privateRun(SuiteRunner.java:332)
at org.testng.SuiteRunner.run(SuiteRunner.java:276)
at org.testng.SuiteRunnerWorker.runSuite(SuiteRunnerWorker.java:53)
at org.testng.SuiteRunnerWorker.run(SuiteRunnerWorker.java:96)
at org.testng.TestNG.runSuitesSequentially(TestNG.java:1212)
at org.testng.TestNG.runSuitesLocally(TestNG.java:1134)
at org.testng.TestNG.runSuites(TestNG.java:1063)
at org.testng.TestNG.run(TestNG.java:1031)
at org.testng.remote.AbstractRemoteTestNG.run(AbstractRemoteTestNG.java:115)
at org.testng.remote.RemoteTestNG.initAndRun(RemoteTestNG.java:251)
at org.testng.remote.RemoteTestNG.main(RemoteTestNG.java:77)
]]>
            </full-stacktrace>
          </exception> <!-- org.testng.TestNGException -->
          <reporter-output>
          </reporter-output>
        </test-method> <!-- InputDataByParameterThroughXML -->
      </class> <!-- com.Runner.Runnerclass -->
    </test> <!-- Default test -->
  </suite> <!-- Default suite -->
</testng-results>
